[2024-05-24 17:01:10Z INFO HostContext] No proxy settings were found based on environmental variables (http_proxy/https_proxy/HTTP_PROXY/HTTPS_PROXY)
[2024-05-24 17:01:10Z INFO HostContext] Well known directory 'Bin': 'D:\HorseMenu\actions-runner\bin'
[2024-05-24 17:01:10Z INFO HostContext] Well known directory 'Root': 'D:\HorseMenu\actions-runner'
[2024-05-24 17:01:10Z INFO HostContext] Well known config file 'Credentials': 'D:\HorseMenu\actions-runner\.credentials'
[2024-05-24 17:01:11Z INFO HostContext] Well known directory 'Bin': 'D:\HorseMenu\actions-runner\bin'
[2024-05-24 17:01:11Z INFO HostContext] Well known directory 'Root': 'D:\HorseMenu\actions-runner'
[2024-05-24 17:01:11Z INFO HostContext] Well known config file 'Runner': 'D:\HorseMenu\actions-runner\.runner'
[2024-05-24 17:01:11Z INFO Listener] Runner is built for Windows (X64) - win-x64.
[2024-05-24 17:01:11Z INFO Listener] RuntimeInformation: Microsoft Windows 10.0.26120.
[2024-05-24 17:01:11Z INFO Listener] Version: 2.316.1
[2024-05-24 17:01:11Z INFO Listener] Commit: 9ac138d10eac15c71493f004f1b1bc919ead40de
[2024-05-24 17:01:11Z INFO Listener] Culture: en-US
[2024-05-24 17:01:11Z INFO Listener] UI Culture: en-GB
[2024-05-24 17:01:11Z INFO HostContext] Well known directory 'Bin': 'D:\HorseMenu\actions-runner\bin'
[2024-05-24 17:01:11Z INFO HostContext] Well known directory 'Root': 'D:\HorseMenu\actions-runner'
[2024-05-24 17:01:11Z INFO Listener] Validating directory permissions for: 'D:\HorseMenu\actions-runner'
[2024-05-24 17:01:11Z INFO CommandLineParser] Parse
[2024-05-24 17:01:11Z INFO CommandLineParser] Parsing 1 args
[2024-05-24 17:01:11Z INFO CommandLineParser] parsing argument
[2024-05-24 17:01:11Z INFO CommandLineParser] HasArgs: False
[2024-05-24 17:01:11Z INFO CommandLineParser] Adding Command: run
[2024-05-24 17:01:11Z INFO Listener] Arguments parsed
[2024-05-24 17:01:11Z INFO Runner] ExecuteCommand
[2024-05-24 17:01:11Z INFO ConfigurationStore] currentAssemblyLocation: D:\HorseMenu\actions-runner\bin\Runner.Listener.dll
[2024-05-24 17:01:11Z INFO HostContext] Well known directory 'Bin': 'D:\HorseMenu\actions-runner\bin'
[2024-05-24 17:01:11Z INFO ConfigurationStore] binPath: D:\HorseMenu\actions-runner\bin
[2024-05-24 17:01:11Z INFO HostContext] Well known directory 'Bin': 'D:\HorseMenu\actions-runner\bin'
[2024-05-24 17:01:11Z INFO HostContext] Well known directory 'Root': 'D:\HorseMenu\actions-runner'
[2024-05-24 17:01:11Z INFO ConfigurationStore] RootFolder: D:\HorseMenu\actions-runner
[2024-05-24 17:01:11Z INFO HostContext] Well known directory 'Bin': 'D:\HorseMenu\actions-runner\bin'
[2024-05-24 17:01:11Z INFO HostContext] Well known directory 'Root': 'D:\HorseMenu\actions-runner'
[2024-05-24 17:01:11Z INFO HostContext] Well known config file 'Runner': 'D:\HorseMenu\actions-runner\.runner'
[2024-05-24 17:01:11Z INFO ConfigurationStore] ConfigFilePath: D:\HorseMenu\actions-runner\.runner
[2024-05-24 17:01:11Z INFO HostContext] Well known directory 'Bin': 'D:\HorseMenu\actions-runner\bin'
[2024-05-24 17:01:11Z INFO HostContext] Well known directory 'Root': 'D:\HorseMenu\actions-runner'
[2024-05-24 17:01:11Z INFO HostContext] Well known config file 'Credentials': 'D:\HorseMenu\actions-runner\.credentials'
[2024-05-24 17:01:11Z INFO ConfigurationStore] CredFilePath: D:\HorseMenu\actions-runner\.credentials
[2024-05-24 17:01:11Z INFO HostContext] Well known directory 'Bin': 'D:\HorseMenu\actions-runner\bin'
[2024-05-24 17:01:11Z INFO HostContext] Well known directory 'Root': 'D:\HorseMenu\actions-runner'
[2024-05-24 17:01:11Z INFO HostContext] Well known config file 'MigratedCredentials': 'D:\HorseMenu\actions-runner\.credentials_migrated'
[2024-05-24 17:01:11Z INFO ConfigurationStore] MigratedCredFilePath: D:\HorseMenu\actions-runner\.credentials_migrated
[2024-05-24 17:01:11Z INFO HostContext] Well known directory 'Bin': 'D:\HorseMenu\actions-runner\bin'
[2024-05-24 17:01:11Z INFO HostContext] Well known directory 'Root': 'D:\HorseMenu\actions-runner'
[2024-05-24 17:01:11Z INFO HostContext] Well known config file 'Service': 'D:\HorseMenu\actions-runner\.service'
[2024-05-24 17:01:11Z INFO ConfigurationStore] ServiceConfigFilePath: D:\HorseMenu\actions-runner\.service
[2024-05-24 17:01:11Z INFO CommandSettings] Flag 'help': 'False'
[2024-05-24 17:01:11Z INFO CommandSettings] Flag 'version': 'False'
[2024-05-24 17:01:11Z INFO CommandSettings] Flag 'commit': 'False'
[2024-05-24 17:01:11Z INFO CommandSettings] Flag 'check': 'False'
[2024-05-24 17:01:11Z INFO CommandSettings] Command 'configure': 'False'
[2024-05-24 17:01:11Z INFO CommandSettings] Command 'remove': 'False'
[2024-05-24 17:01:11Z INFO CommandSettings] Command 'warmup': 'False'
[2024-05-24 17:01:11Z INFO ConfigurationManager] LoadSettings
[2024-05-24 17:01:11Z INFO ConfigurationStore] IsConfigured()
[2024-05-24 17:01:11Z INFO ConfigurationStore] IsConfigured: True
[2024-05-24 17:01:11Z INFO ConfigurationManager] Is configured: True
[2024-05-24 17:01:11Z INFO ConfigurationStore] Read setting file: 293 chars
[2024-05-24 17:01:11Z INFO ConfigurationManager] Settings Loaded
[2024-05-24 17:01:11Z INFO ConfigurationStore] IsServiceConfigured()
[2024-05-24 17:01:11Z INFO ConfigurationStore] IsServiceConfigured: False
[2024-05-24 17:01:11Z INFO CommandSettings] Command 'run': 'True'
[2024-05-24 17:01:11Z INFO ConfigurationStore] IsConfigured()
[2024-05-24 17:01:11Z INFO ConfigurationStore] IsConfigured: True
[2024-05-24 17:01:11Z INFO ConfigurationManager] Is configured: True
[2024-05-24 17:01:11Z INFO Runner] Could not parse the argument value '' for StartupType. Defaulting to Manual
[2024-05-24 17:01:11Z INFO Runner] Set runner startup type - Manual
[2024-05-24 17:01:11Z INFO CommandSettings] Flag 'once': 'False'
[2024-05-24 17:01:11Z INFO CommandSettings] Flag 'once': 'False'
[2024-05-24 17:01:11Z INFO Runner] RunAsync
[2024-05-24 17:01:11Z INFO ConfigurationManager] LoadSettings
[2024-05-24 17:01:11Z INFO ConfigurationStore] IsConfigured()
[2024-05-24 17:01:11Z INFO ConfigurationStore] IsConfigured: True
[2024-05-24 17:01:11Z INFO ConfigurationManager] Is configured: True
[2024-05-24 17:01:11Z INFO ConfigurationManager] Settings Loaded
[2024-05-24 17:01:11Z INFO MessageListener] {
  "AgentId": 2,
  "AgentName": "PC",
  "PoolId": 1,
  "PoolName": "Default",
  "ServerUrl": "https://pipelinesghubeus11.actions.githubusercontent.com/tWn9LJnveLBX9rqBenvjEk1Mk2OvobLa5sFjTrzypZeLw7gUif/",
  "GitHubUrl": "https://github.com/peeepy/HorseMenu",
  "WorkFolder": "_work"
}
[2024-05-24 17:01:11Z INFO MessageListener] Loading Credentials
[2024-05-24 17:01:11Z INFO ConfigurationStore] HasCredentials()
[2024-05-24 17:01:11Z INFO ConfigurationStore] stored True
[2024-05-24 17:01:11Z INFO CredentialManager] GetCredentialProvider
[2024-05-24 17:01:11Z INFO CredentialManager] Creating type OAuth
[2024-05-24 17:01:11Z INFO CredentialManager] Creating credential type: OAuth
[2024-05-24 17:01:11Z INFO HostContext] Well known directory 'Bin': 'D:\HorseMenu\actions-runner\bin'
[2024-05-24 17:01:11Z INFO HostContext] Well known directory 'Root': 'D:\HorseMenu\actions-runner'
[2024-05-24 17:01:11Z INFO HostContext] Well known config file 'RSACredentials': 'D:\HorseMenu\actions-runner\.credentials_rsaparams'
[2024-05-24 17:01:11Z INFO RSAEncryptedFileKeyManager] Loading RSA key parameters from file D:\HorseMenu\actions-runner\.credentials_rsaparams
[2024-05-24 17:01:11Z INFO MessageListener] Attempt to create session.
[2024-05-24 17:01:11Z INFO MessageListener] Connecting to the Runner Server...
[2024-05-24 17:01:11Z INFO RunnerServer] EstablishVssConnection
[2024-05-24 17:01:11Z INFO RunnerServer] Establish connection with 100 seconds timeout.
[2024-05-24 17:01:11Z INFO GitHubActionsService] Starting operation Location.GetConnectionData
[2024-05-24 17:01:11Z INFO RunnerServer] EstablishVssConnection
[2024-05-24 17:01:11Z INFO RunnerServer] Establish connection with 60 seconds timeout.
[2024-05-24 17:01:11Z INFO GitHubActionsService] Starting operation Location.GetConnectionData
[2024-05-24 17:01:11Z INFO RunnerServer] EstablishVssConnection
[2024-05-24 17:01:11Z INFO RunnerServer] Establish connection with 60 seconds timeout.
[2024-05-24 17:01:11Z INFO GitHubActionsService] Starting operation Location.GetConnectionData
[2024-05-24 17:01:12Z INFO GitHubActionsService] Finished operation Location.GetConnectionData
[2024-05-24 17:01:12Z INFO GitHubActionsService] Finished operation Location.GetConnectionData
[2024-05-24 17:01:12Z INFO GitHubActionsService] Finished operation Location.GetConnectionData
[2024-05-24 17:01:12Z INFO MessageListener] VssConnection created
[2024-05-24 17:01:12Z INFO Terminal] WRITE LINE: 
[2024-05-24 17:01:12Z INFO Terminal] WRITE LINE: 
[2024-05-24 17:01:13Z INFO RSAEncryptedFileKeyManager] Loading RSA key parameters from file D:\HorseMenu\actions-runner\.credentials_rsaparams
[2024-05-24 17:01:13Z INFO RSAEncryptedFileKeyManager] Loading RSA key parameters from file D:\HorseMenu\actions-runner\.credentials_rsaparams
[2024-05-24 17:01:13Z INFO GitHubActionsService] AAD Correlation ID for this token request: Unknown
[2024-05-24 17:01:13Z INFO MessageListener] Session created.
[2024-05-24 17:01:13Z INFO Terminal] WRITE LINE: Current runner version: '2.316.1'
[2024-05-24 17:01:13Z INFO Terminal] WRITE LINE: 2024-05-24 17:01:13Z: Listening for Jobs
[2024-05-24 17:01:13Z INFO JobDispatcher] Set runner/worker IPC timeout to 30 seconds.
[2024-05-24 17:01:17Z INFO RSAEncryptedFileKeyManager] Loading RSA key parameters from file D:\HorseMenu\actions-runner\.credentials_rsaparams
[2024-05-24 17:01:17Z INFO MessageListener] Message '15' received from session '2ebb2cee-3020-454e-8ce2-d7717f3fdfd1'.
[2024-05-24 17:01:17Z INFO Runner] Received job message of length 26083 from service, with hash '4ef14dc76398685424a52dcc898ceab778f4957f4d444274bffbd1a7e98a8f2f'
[2024-05-24 17:01:17Z INFO JobDispatcher] Job request 15 for plan da06e0aa-f7e1-4098-9a01-6041578760ab job 6614165d-8168-5766-9db6-f35f537f8e36 received.
[2024-05-24 17:01:17Z INFO JobDispatcher] Pull OrchestrationId da06e0aa-f7e1-4098-9a01-6041578760ab.ci.__default from JWT claims
[2024-05-24 17:01:17Z INFO MessageListener] Received job status event. JobState: Busy
[2024-05-24 17:01:17Z INFO MessageListener] _getMessagesTokenSource is already disposed.
[2024-05-24 17:01:17Z INFO Terminal] WRITE LINE: 2024-05-24 17:01:17Z: Running job: CI
[2024-05-24 17:01:17Z INFO JobDispatcher] Start renew job request 15 for job 6614165d-8168-5766-9db6-f35f537f8e36.
[2024-05-24 17:01:17Z INFO JobDispatcher] Successfully renew job request 15, job is valid till 5/24/2024 5:11:15 PM
[2024-05-24 17:01:17Z INFO HostContext] Well known directory 'Bin': 'D:\HorseMenu\actions-runner\bin'
[2024-05-24 17:01:17Z INFO ProcessInvokerWrapper] Starting process:
[2024-05-24 17:01:17Z INFO ProcessInvokerWrapper]   File name: 'D:\HorseMenu\actions-runner\bin\Runner.Worker.exe'
[2024-05-24 17:01:17Z INFO ProcessInvokerWrapper]   Arguments: 'spawnclient 2236 2248'
[2024-05-24 17:01:17Z INFO ProcessInvokerWrapper]   Working directory: 'D:\HorseMenu\actions-runner\bin'
[2024-05-24 17:01:17Z INFO ProcessInvokerWrapper]   Require exit code zero: 'False'
[2024-05-24 17:01:17Z INFO ProcessInvokerWrapper]   Encoding web name:  ; code page: ''
[2024-05-24 17:01:17Z INFO ProcessInvokerWrapper]   Force kill process on cancellation: 'True'
[2024-05-24 17:01:17Z INFO ProcessInvokerWrapper]   Redirected STDIN: 'False'
[2024-05-24 17:01:17Z INFO ProcessInvokerWrapper]   Persist current code page: 'False'
[2024-05-24 17:01:17Z INFO ProcessInvokerWrapper]   Keep redirected STDIN open: 'False'
[2024-05-24 17:01:17Z INFO ProcessInvokerWrapper]   High priority process: 'True'
[2024-05-24 17:01:17Z INFO ProcessInvokerWrapper] Process started with process id 79272, waiting for process exit.
[2024-05-24 17:01:17Z INFO JobDispatcher] Send job request message to worker for job 6614165d-8168-5766-9db6-f35f537f8e36.
[2024-05-24 17:01:17Z INFO ProcessChannel] Sending message of length 26083, with hash '4ef14dc76398685424a52dcc898ceab778f4957f4d444274bffbd1a7e98a8f2f'
[2024-05-24 17:01:17Z INFO JobNotification] Entering JobStarted Notification
[2024-05-24 17:01:17Z INFO JobNotification] Entering StartMonitor
[2024-05-24 17:02:17Z INFO JobDispatcher] Successfully renew job request 15, job is valid till 5/24/2024 5:12:15 PM
[2024-05-24 17:03:17Z INFO JobDispatcher] Successfully renew job request 15, job is valid till 5/24/2024 5:13:15 PM
[2024-05-24 17:03:27Z INFO ProcessInvokerWrapper] STDOUT/STDERR stream read finished.
[2024-05-24 17:03:27Z INFO ProcessInvokerWrapper] STDOUT/STDERR stream read finished.
[2024-05-24 17:03:27Z INFO ProcessInvokerWrapper] Finished process 79272 with exit code 100, and elapsed time 00:02:10.0454507.
[2024-05-24 17:03:27Z INFO JobDispatcher] Worker finished for job 6614165d-8168-5766-9db6-f35f537f8e36. Code: 100
[2024-05-24 17:03:27Z INFO JobDispatcher] finish job request for job 6614165d-8168-5766-9db6-f35f537f8e36 with result: Succeeded
[2024-05-24 17:03:27Z INFO Terminal] WRITE LINE: 2024-05-24 17:03:27Z: Job CI completed with result: Succeeded
[2024-05-24 17:03:27Z INFO JobDispatcher] Stop renew job request for job 6614165d-8168-5766-9db6-f35f537f8e36.
[2024-05-24 17:03:27Z INFO JobDispatcher] job renew has been cancelled, stop renew job request 15.
[2024-05-24 17:03:27Z INFO JobNotification] Entering JobCompleted Notification
[2024-05-24 17:03:27Z INFO JobNotification] Entering EndMonitor
[2024-05-24 17:03:27Z INFO MessageListener] Received job status event. JobState: Online
[2024-05-24 17:03:27Z WARN GitHubActionsService] GET request to https://pipelinesghubeus11.actions.githubusercontent.com/tWn9LJnveLBX9rqBenvjEk1Mk2OvobLa5sFjTrzypZeLw7gUif/_apis/distributedtask/pools/1/messages?sessionId=2ebb2cee-3020-454e-8ce2-d7717f3fdfd1&lastMessageId=15&status=Busy&runnerVersion=2.316.1&os=Windows&architecture=X64&disableUpdate=false has been cancelled.
[2024-05-24 17:03:27Z INFO MessageListener] Get messages has been cancelled using local token source. Continue to get messages with new status.
[2024-05-24 17:31:52Z INFO MessageListener] No message retrieved from session '2ebb2cee-3020-454e-8ce2-d7717f3fdfd1' within last 30 minutes.
[2024-05-24 17:33:42Z WARN GitHubActionsService] GET request to https://pipelinesghubeus11.actions.githubusercontent.com/tWn9LJnveLBX9rqBenvjEk1Mk2OvobLa5sFjTrzypZeLw7gUif/_apis/distributedtask/pools/1/messages?sessionId=2ebb2cee-3020-454e-8ce2-d7717f3fdfd1&lastMessageId=15&status=Online&runnerVersion=2.316.1&os=Windows&architecture=X64&disableUpdate=false timed out after 60 seconds.
[2024-05-24 17:33:42Z ERR  MessageListener] Catch exception during get next message.
[2024-05-24 17:33:42Z ERR  MessageListener] System.TimeoutException: The HTTP request timed out after 00:01:00.
 ---> System.Threading.Tasks.TaskCanceledException: The operation was canceled.
 ---> System.IO.IOException: Unable to read data from the transport connection: The I/O operation has been aborted because of either a thread exit or an application request..
 ---> System.Net.Sockets.SocketException (995): The I/O operation has been aborted because of either a thread exit or an application request.
   --- End of inner exception stack trace ---
   at System.Net.Sockets.Socket.AwaitableSocketAsyncEventArgs.ThrowException(SocketError error, CancellationToken cancellationToken)
   at System.Net.Sockets.Socket.AwaitableSocketAsyncEventArgs.System.Threading.Tasks.Sources.IValueTaskSource<System.Int32>.GetResult(Int16 token)
   at System.Net.Security.SslStream.EnsureFullTlsFrameAsync[TIOAdapter](TIOAdapter adapter)
   at System.Net.Security.SslStream.ReadAsyncInternal[TIOAdapter](TIOAdapter adapter, Memory`1 buffer)
   at System.Net.Http.HttpConnection.InitialFillAsync(Boolean async)
   at System.Net.Http.HttpConnection.SendAsyncCore(HttpRequestMessage request, Boolean async, CancellationToken cancellationToken)
   --- End of inner exception stack trace ---
   at System.Net.Http.HttpConnection.SendAsyncCore(HttpRequestMessage request, Boolean async, CancellationToken cancellationToken)
   at System.Net.Http.AuthenticationHelper.SendWithNtAuthAsync(HttpRequestMessage request, Uri authUri, Boolean async, ICredentials credentials, Boolean isProxyAuth, HttpConnection connection, HttpConnectionPool connectionPool, CancellationToken cancellationToken)
   at System.Net.Http.HttpConnectionPool.SendWithVersionDetectionAndRetryAsync(HttpRequestMessage request, Boolean async, Boolean doRequestAuth, CancellationToken cancellationToken)
   at System.Net.Http.AuthenticationHelper.SendWithAuthAsync(HttpRequestMessage request, Uri authUri, Boolean async, ICredentials credentials, Boolean preAuthenticate, Boolean isProxyAuth, Boolean doRequestAuth, HttpConnectionPool pool, CancellationToken cancellationToken)
   at System.Net.Http.DecompressionHandler.SendAsync(HttpRequestMessage request, Boolean async, CancellationToken cancellationToken)
   at GitHub.Services.Common.VssHttpMessageHandler.SendAsync(HttpRequestMessage request, CancellationToken cancellationToken)
   --- End of inner exception stack trace ---
   at GitHub.Services.Common.VssHttpMessageHandler.SendAsync(HttpRequestMessage request, CancellationToken cancellationToken)
   at GitHub.Services.Common.VssHttpRetryMessageHandler.SendAsync(HttpRequestMessage request, CancellationToken cancellationToken)
   at System.Net.Http.HttpClient.<SendAsync>g__Core|83_0(HttpRequestMessage request, HttpCompletionOption completionOption, CancellationTokenSource cts, Boolean disposeCts, CancellationTokenSource pendingRequestsCts, CancellationToken originalCancellationToken)
   at GitHub.Services.WebApi.VssHttpClientBase.SendAsync(HttpRequestMessage message, HttpCompletionOption completionOption, Object userState, CancellationToken cancellationToken)
   at GitHub.Services.WebApi.VssHttpClientBase.SendAsync[T](HttpRequestMessage message, Object userState, CancellationToken cancellationToken)
   at GitHub.Services.WebApi.VssHttpClientBase.SendAsync[T](HttpMethod method, IEnumerable`1 additionalHeaders, Guid locationId, Object routeValues, ApiResourceVersion version, HttpContent content, IEnumerable`1 queryParameters, Object userState, CancellationToken cancellationToken)
   at GitHub.Runner.Listener.MessageListener.GetNextMessageAsync(CancellationToken token)
[2024-05-24 17:33:42Z ERR  MessageListener] #####################################################
[2024-05-24 17:33:42Z ERR  MessageListener] System.Threading.Tasks.TaskCanceledException: The operation was canceled.
 ---> System.IO.IOException: Unable to read data from the transport connection: The I/O operation has been aborted because of either a thread exit or an application request..
 ---> System.Net.Sockets.SocketException (995): The I/O operation has been aborted because of either a thread exit or an application request.
   --- End of inner exception stack trace ---
   at System.Net.Sockets.Socket.AwaitableSocketAsyncEventArgs.ThrowException(SocketError error, CancellationToken cancellationToken)
   at System.Net.Sockets.Socket.AwaitableSocketAsyncEventArgs.System.Threading.Tasks.Sources.IValueTaskSource<System.Int32>.GetResult(Int16 token)
   at System.Net.Security.SslStream.EnsureFullTlsFrameAsync[TIOAdapter](TIOAdapter adapter)
   at System.Net.Security.SslStream.ReadAsyncInternal[TIOAdapter](TIOAdapter adapter, Memory`1 buffer)
   at System.Net.Http.HttpConnection.InitialFillAsync(Boolean async)
   at System.Net.Http.HttpConnection.SendAsyncCore(HttpRequestMessage request, Boolean async, CancellationToken cancellationToken)
   --- End of inner exception stack trace ---
   at System.Net.Http.HttpConnection.SendAsyncCore(HttpRequestMessage request, Boolean async, CancellationToken cancellationToken)
   at System.Net.Http.AuthenticationHelper.SendWithNtAuthAsync(HttpRequestMessage request, Uri authUri, Boolean async, ICredentials credentials, Boolean isProxyAuth, HttpConnection connection, HttpConnectionPool connectionPool, CancellationToken cancellationToken)
   at System.Net.Http.HttpConnectionPool.SendWithVersionDetectionAndRetryAsync(HttpRequestMessage request, Boolean async, Boolean doRequestAuth, CancellationToken cancellationToken)
   at System.Net.Http.AuthenticationHelper.SendWithAuthAsync(HttpRequestMessage request, Uri authUri, Boolean async, ICredentials credentials, Boolean preAuthenticate, Boolean isProxyAuth, Boolean doRequestAuth, HttpConnectionPool pool, CancellationToken cancellationToken)
   at System.Net.Http.DecompressionHandler.SendAsync(HttpRequestMessage request, Boolean async, CancellationToken cancellationToken)
   at GitHub.Services.Common.VssHttpMessageHandler.SendAsync(HttpRequestMessage request, CancellationToken cancellationToken)
[2024-05-24 17:33:42Z ERR  MessageListener] #####################################################
[2024-05-24 17:33:42Z ERR  MessageListener] System.IO.IOException: Unable to read data from the transport connection: The I/O operation has been aborted because of either a thread exit or an application request..
 ---> System.Net.Sockets.SocketException (995): The I/O operation has been aborted because of either a thread exit or an application request.
   --- End of inner exception stack trace ---
   at System.Net.Sockets.Socket.AwaitableSocketAsyncEventArgs.ThrowException(SocketError error, CancellationToken cancellationToken)
   at System.Net.Sockets.Socket.AwaitableSocketAsyncEventArgs.System.Threading.Tasks.Sources.IValueTaskSource<System.Int32>.GetResult(Int16 token)
   at System.Net.Security.SslStream.EnsureFullTlsFrameAsync[TIOAdapter](TIOAdapter adapter)
   at System.Net.Security.SslStream.ReadAsyncInternal[TIOAdapter](TIOAdapter adapter, Memory`1 buffer)
   at System.Net.Http.HttpConnection.InitialFillAsync(Boolean async)
   at System.Net.Http.HttpConnection.SendAsyncCore(HttpRequestMessage request, Boolean async, CancellationToken cancellationToken)
[2024-05-24 17:33:42Z ERR  MessageListener] #####################################################
[2024-05-24 17:33:42Z ERR  MessageListener] System.Net.Sockets.SocketException (995): The I/O operation has been aborted because of either a thread exit or an application request.
[2024-05-24 17:33:42Z INFO MessageListener] Retriable exception: The HTTP request timed out after 00:01:00.
[2024-05-24 17:33:42Z ERR  Terminal] WRITE ERROR: 2024-05-24 17:33:42Z: Runner connect error: The HTTP request timed out after 00:01:00.. Retrying until reconnected.
[2024-05-24 17:33:42Z INFO RunnerServer] Refresh MessageQueue VssConnection to get on a different AFD node.
[2024-05-24 17:33:42Z INFO RunnerServer] EstablishVssConnection
[2024-05-24 17:33:42Z INFO RunnerServer] Establish connection with 60 seconds timeout.
[2024-05-24 17:33:42Z INFO GitHubActionsService] Starting operation Location.GetConnectionData
[2024-05-24 17:33:42Z INFO GitHubActionsService] Finished operation Location.GetConnectionData
[2024-05-24 17:33:42Z INFO MessageListener] Sleeping for 25.893 seconds before retrying.
[2024-05-24 17:34:58Z INFO Terminal] WRITE LINE: 2024-05-24 17:34:58Z: Runner reconnected.
[2024-05-24 17:44:20Z WARN GitHubActionsService] GET request to https://pipelinesghubeus11.actions.githubusercontent.com/tWn9LJnveLBX9rqBenvjEk1Mk2OvobLa5sFjTrzypZeLw7gUif/_apis/distributedtask/pools/1/messages?sessionId=2ebb2cee-3020-454e-8ce2-d7717f3fdfd1&lastMessageId=15&status=Online&runnerVersion=2.316.1&os=Windows&architecture=X64&disableUpdate=false timed out after 60 seconds.
[2024-05-24 17:44:20Z ERR  MessageListener] Catch exception during get next message.
[2024-05-24 17:44:20Z ERR  MessageListener] System.TimeoutException: The HTTP request timed out after 00:01:00.
 ---> System.Threading.Tasks.TaskCanceledException: The operation was canceled.
 ---> System.IO.IOException: Unable to read data from the transport connection: The I/O operation has been aborted because of either a thread exit or an application request..
 ---> System.Net.Sockets.SocketException (995): The I/O operation has been aborted because of either a thread exit or an application request.
   --- End of inner exception stack trace ---
   at System.Net.Sockets.Socket.AwaitableSocketAsyncEventArgs.ThrowException(SocketError error, CancellationToken cancellationToken)
   at System.Net.Sockets.Socket.AwaitableSocketAsyncEventArgs.System.Threading.Tasks.Sources.IValueTaskSource<System.Int32>.GetResult(Int16 token)
   at System.Net.Security.SslStream.EnsureFullTlsFrameAsync[TIOAdapter](TIOAdapter adapter)
   at System.Net.Security.SslStream.ReadAsyncInternal[TIOAdapter](TIOAdapter adapter, Memory`1 buffer)
   at System.Net.Http.HttpConnection.SendAsyncCore(HttpRequestMessage request, Boolean async, CancellationToken cancellationToken)
   --- End of inner exception stack trace ---
   at System.Net.Http.HttpConnection.SendAsyncCore(HttpRequestMessage request, Boolean async, CancellationToken cancellationToken)
   at System.Net.Http.AuthenticationHelper.SendWithNtAuthAsync(HttpRequestMessage request, Uri authUri, Boolean async, ICredentials credentials, Boolean isProxyAuth, HttpConnection connection, HttpConnectionPool connectionPool, CancellationToken cancellationToken)
   at System.Net.Http.HttpConnectionPool.SendWithVersionDetectionAndRetryAsync(HttpRequestMessage request, Boolean async, Boolean doRequestAuth, CancellationToken cancellationToken)
   at System.Net.Http.AuthenticationHelper.SendWithAuthAsync(HttpRequestMessage request, Uri authUri, Boolean async, ICredentials credentials, Boolean preAuthenticate, Boolean isProxyAuth, Boolean doRequestAuth, HttpConnectionPool pool, CancellationToken cancellationToken)
   at System.Net.Http.DecompressionHandler.SendAsync(HttpRequestMessage request, Boolean async, CancellationToken cancellationToken)
   at GitHub.Services.Common.VssHttpMessageHandler.SendAsync(HttpRequestMessage request, CancellationToken cancellationToken)
   --- End of inner exception stack trace ---
   at GitHub.Services.Common.VssHttpMessageHandler.SendAsync(HttpRequestMessage request, CancellationToken cancellationToken)
   at GitHub.Services.Common.VssHttpRetryMessageHandler.SendAsync(HttpRequestMessage request, CancellationToken cancellationToken)
   at System.Net.Http.HttpClient.<SendAsync>g__Core|83_0(HttpRequestMessage request, HttpCompletionOption completionOption, CancellationTokenSource cts, Boolean disposeCts, CancellationTokenSource pendingRequestsCts, CancellationToken originalCancellationToken)
   at GitHub.Services.WebApi.VssHttpClientBase.SendAsync(HttpRequestMessage message, HttpCompletionOption completionOption, Object userState, CancellationToken cancellationToken)
   at GitHub.Services.WebApi.VssHttpClientBase.SendAsync[T](HttpRequestMessage message, Object userState, CancellationToken cancellationToken)
   at GitHub.Services.WebApi.VssHttpClientBase.SendAsync[T](HttpMethod method, IEnumerable`1 additionalHeaders, Guid locationId, Object routeValues, ApiResourceVersion version, HttpContent content, IEnumerable`1 queryParameters, Object userState, CancellationToken cancellationToken)
   at GitHub.Runner.Listener.MessageListener.GetNextMessageAsync(CancellationToken token)
[2024-05-24 17:44:20Z ERR  MessageListener] #####################################################
[2024-05-24 17:44:20Z ERR  MessageListener] System.Threading.Tasks.TaskCanceledException: The operation was canceled.
 ---> System.IO.IOException: Unable to read data from the transport connection: The I/O operation has been aborted because of either a thread exit or an application request..
 ---> System.Net.Sockets.SocketException (995): The I/O operation has been aborted because of either a thread exit or an application request.
   --- End of inner exception stack trace ---
   at System.Net.Sockets.Socket.AwaitableSocketAsyncEventArgs.ThrowException(SocketError error, CancellationToken cancellationToken)
   at System.Net.Sockets.Socket.AwaitableSocketAsyncEventArgs.System.Threading.Tasks.Sources.IValueTaskSource<System.Int32>.GetResult(Int16 token)
   at System.Net.Security.SslStream.EnsureFullTlsFrameAsync[TIOAdapter](TIOAdapter adapter)
   at System.Net.Security.SslStream.ReadAsyncInternal[TIOAdapter](TIOAdapter adapter, Memory`1 buffer)
   at System.Net.Http.HttpConnection.SendAsyncCore(HttpRequestMessage request, Boolean async, CancellationToken cancellationToken)
   --- End of inner exception stack trace ---
   at System.Net.Http.HttpConnection.SendAsyncCore(HttpRequestMessage request, Boolean async, CancellationToken cancellationToken)
   at System.Net.Http.AuthenticationHelper.SendWithNtAuthAsync(HttpRequestMessage request, Uri authUri, Boolean async, ICredentials credentials, Boolean isProxyAuth, HttpConnection connection, HttpConnectionPool connectionPool, CancellationToken cancellationToken)
   at System.Net.Http.HttpConnectionPool.SendWithVersionDetectionAndRetryAsync(HttpRequestMessage request, Boolean async, Boolean doRequestAuth, CancellationToken cancellationToken)
   at System.Net.Http.AuthenticationHelper.SendWithAuthAsync(HttpRequestMessage request, Uri authUri, Boolean async, ICredentials credentials, Boolean preAuthenticate, Boolean isProxyAuth, Boolean doRequestAuth, HttpConnectionPool pool, CancellationToken cancellationToken)
   at System.Net.Http.DecompressionHandler.SendAsync(HttpRequestMessage request, Boolean async, CancellationToken cancellationToken)
   at GitHub.Services.Common.VssHttpMessageHandler.SendAsync(HttpRequestMessage request, CancellationToken cancellationToken)
[2024-05-24 17:44:20Z ERR  MessageListener] #####################################################
[2024-05-24 17:44:20Z ERR  MessageListener] System.IO.IOException: Unable to read data from the transport connection: The I/O operation has been aborted because of either a thread exit or an application request..
 ---> System.Net.Sockets.SocketException (995): The I/O operation has been aborted because of either a thread exit or an application request.
   --- End of inner exception stack trace ---
   at System.Net.Sockets.Socket.AwaitableSocketAsyncEventArgs.ThrowException(SocketError error, CancellationToken cancellationToken)
   at System.Net.Sockets.Socket.AwaitableSocketAsyncEventArgs.System.Threading.Tasks.Sources.IValueTaskSource<System.Int32>.GetResult(Int16 token)
   at System.Net.Security.SslStream.EnsureFullTlsFrameAsync[TIOAdapter](TIOAdapter adapter)
   at System.Net.Security.SslStream.ReadAsyncInternal[TIOAdapter](TIOAdapter adapter, Memory`1 buffer)
   at System.Net.Http.HttpConnection.SendAsyncCore(HttpRequestMessage request, Boolean async, CancellationToken cancellationToken)
[2024-05-24 17:44:20Z ERR  MessageListener] #####################################################
[2024-05-24 17:44:20Z ERR  MessageListener] System.Net.Sockets.SocketException (995): The I/O operation has been aborted because of either a thread exit or an application request.
[2024-05-24 17:44:20Z INFO MessageListener] Retriable exception: The HTTP request timed out after 00:01:00.
[2024-05-24 17:44:20Z ERR  Terminal] WRITE ERROR: 2024-05-24 17:44:20Z: Runner connect error: The HTTP request timed out after 00:01:00.. Retrying until reconnected.
[2024-05-24 17:44:20Z INFO RunnerServer] Refresh MessageQueue VssConnection to get on a different AFD node.
[2024-05-24 17:44:20Z INFO RunnerServer] EstablishVssConnection
[2024-05-24 17:44:20Z INFO RunnerServer] Establish connection with 60 seconds timeout.
[2024-05-24 17:44:20Z INFO GitHubActionsService] Starting operation Location.GetConnectionData
[2024-05-24 17:44:20Z INFO GitHubActionsService] Finished operation Location.GetConnectionData
[2024-05-24 17:44:20Z INFO MessageListener] Sleeping for 28.273 seconds before retrying.
[2024-05-24 17:45:39Z INFO Terminal] WRITE LINE: 2024-05-24 17:45:39Z: Runner reconnected.
[2024-05-24 17:56:30Z INFO RSAEncryptedFileKeyManager] Loading RSA key parameters from file D:\HorseMenu\actions-runner\.credentials_rsaparams
[2024-05-24 17:56:31Z INFO GitHubActionsService] AAD Correlation ID for this token request: Unknown
[2024-05-24 18:02:22Z INFO MessageListener] No message retrieved from session '2ebb2cee-3020-454e-8ce2-d7717f3fdfd1' within last 30 minutes.
[2024-05-24 18:32:27Z INFO MessageListener] No message retrieved from session '2ebb2cee-3020-454e-8ce2-d7717f3fdfd1' within last 30 minutes.
[2024-05-24 18:51:40Z INFO RSAEncryptedFileKeyManager] Loading RSA key parameters from file D:\HorseMenu\actions-runner\.credentials_rsaparams
[2024-05-24 18:51:40Z INFO GitHubActionsService] AAD Correlation ID for this token request: Unknown
[2024-05-24 19:02:32Z INFO MessageListener] No message retrieved from session '2ebb2cee-3020-454e-8ce2-d7717f3fdfd1' within last 30 minutes.
[2024-05-24 19:09:33Z INFO HostContext] Runner will be shutdown for UserCancelled
[2024-05-24 19:09:33Z WARN GitHubActionsService] GET request to https://pipelinesghubeus11.actions.githubusercontent.com/tWn9LJnveLBX9rqBenvjEk1Mk2OvobLa5sFjTrzypZeLw7gUif/_apis/distributedtask/pools/1/messages?sessionId=2ebb2cee-3020-454e-8ce2-d7717f3fdfd1&lastMessageId=15&status=Online&runnerVersion=2.316.1&os=Windows&architecture=X64&disableUpdate=false has been cancelled.
[2024-05-24 19:09:33Z INFO MessageListener] Get next message has been cancelled.
[2024-05-24 19:09:33Z INFO JobDispatcher] Shutting down JobDispatcher. Make sure all WorkerDispatcher has finished.
[2024-05-24 19:09:33Z INFO JobDispatcher] Ensure WorkerDispatcher for job 6614165d-8168-5766-9db6-f35f537f8e36 run to finish, cancel any running job.
[2024-05-24 19:09:33Z INFO JobDispatcher] Job request 6614165d-8168-5766-9db6-f35f537f8e36 processed succeed.
[2024-05-24 19:09:33Z INFO Runner] Deleting Runner Session...
[2024-05-24 19:09:33Z INFO Listener] Runner execution been cancelled.
