[2024-05-23 14:26:54Z INFO HostContext] No proxy settings were found based on environmental variables (http_proxy/https_proxy/HTTP_PROXY/HTTPS_PROXY)
[2024-05-23 14:26:54Z INFO HostContext] Well known directory 'Bin': 'D:\HorseMenu\actions-runner\bin'
[2024-05-23 14:26:54Z INFO HostContext] Well known directory 'Root': 'D:\HorseMenu\actions-runner'
[2024-05-23 14:26:54Z INFO HostContext] Well known config file 'Credentials': 'D:\HorseMenu\actions-runner\.credentials'
[2024-05-23 14:26:54Z INFO HostContext] Well known directory 'Bin': 'D:\HorseMenu\actions-runner\bin'
[2024-05-23 14:26:54Z INFO HostContext] Well known directory 'Root': 'D:\HorseMenu\actions-runner'
[2024-05-23 14:26:54Z INFO HostContext] Well known config file 'Runner': 'D:\HorseMenu\actions-runner\.runner'
[2024-05-23 14:26:54Z INFO Worker] Version: 2.316.1
[2024-05-23 14:26:54Z INFO Worker] Commit: 9ac138d10eac15c71493f004f1b1bc919ead40de
[2024-05-23 14:26:54Z INFO Worker] Culture: en-US
[2024-05-23 14:26:54Z INFO Worker] UI Culture: en-GB
[2024-05-23 14:26:54Z INFO Worker] Waiting to receive the job message from the channel.
[2024-05-23 14:26:54Z INFO ProcessChannel] Receiving message of length 26789, with hash 'a240814f49ccd5cd13c6f49737bf1626504a7745ff725ed8d92a0c74ec7260b1'
[2024-05-23 14:26:54Z INFO Worker] Message received.
[2024-05-23 14:26:54Z INFO Worker] Job message:
 {
  "fileTable": [
    ".github/workflows/ci.yml"
  ],
  "mask": [
    {
      "type": "regex",
      "value": "***"
    },
    {
      "type": "regex",
      "value": "***"
    },
    {
      "type": "regex",
      "value": "***"
    },
    {
      "type": "regex",
      "value": "***"
    },
    {
      "type": "regex",
      "value": "***"
    },
    {
      "type": "regex",
      "value": "***"
    },
    {
      "type": "regex",
      "value": "***"
    },
    {
      "type": "regex",
      "value": "***"
    },
    {
      "type": "regex",
      "value": "***"
    },
    {
      "type": "regex",
      "value": "***"
    },
    {
      "type": "regex",
      "value": "***"
    },
    {
      "type": "regex",
      "value": "***"
    },
    {
      "type": "regex",
      "value": "***"
    },
    {
      "type": "regex",
      "value": "***"
    },
    {
      "type": "regex",
      "value": "***"
    },
    {
      "type": "regex",
      "value": "***"
    },
    {
      "type": "regex",
      "value": "***"
    },
    {
      "type": "regex",
      "value": "***"
    },
    {
      "type": "regex",
      "value": "***"
    }
  ],
  "steps": [
    {
      "type": "action",
      "reference": {
        "type": "repository",
        "name": "actions/checkout",
        "ref": "v3",
        "repositoryType": "GitHub",
        "path": ""
      },
      "contextName": "__actions_checkout",
      "condition": "success()",
      "id": "1ffa5193-6f21-5488-4034-67bb14a40350",
      "name": "__actions_checkout"
    },
    {
      "type": "action",
      "reference": {
        "type": "repository",
        "name": "lukka/get-cmake",
        "ref": "v3",
        "repositoryType": "GitHub",
        "path": ""
      },
      "displayNameToken": {
        "type": 0,
        "file": 1,
        "line": 12,
        "col": 15,
        "lit": "Setup CMake"
      },
      "contextName": "__lukka_get-cmake",
      "inputs": {
        "type": 2,
        "file": 1,
        "line": 15,
        "col": 11,
        "map": [
          {
            "key": {
              "type": 0,
              "file": 1,
              "line": 15,
              "col": 11,
              "lit": "cmake-version"
            },
            "value": {
              "type": 0,
              "file": 1,
              "line": 15,
              "col": 26,
              "lit": "3.27.0"
            }
          }
        ]
      },
      "condition": "success()",
      "id": "34447ab3-33ec-5a61-1bb4-f3b47ca78e2e",
      "name": "__lukka_get-cmake"
    },
    {
      "type": "action",
      "reference": {
        "type": "script"
      },
      "displayNameToken": {
        "type": 0,
        "file": 1,
        "line": 17,
        "col": 15,
        "lit": "Check CMake version"
      },
      "contextName": "__run",
      "inputs": {
        "type": 2,
        "map": [
          {
            "key": "script",
            "value": {
              "type": 0,
              "file": 1,
              "line": 18,
              "col": 14,
              "lit": "cmake --version"
            }
          }
        ]
      },
      "condition": "success()",
      "id": "af958822-6e57-5f41-cfff-9f0147beec0f",
      "name": "__run"
    },
    {
      "type": "action",
      "reference": {
        "type": "repository",
        "name": "ilammy/msvc-dev-cmd",
        "ref": "v1",
        "repositoryType": "GitHub",
        "path": ""
      },
      "displayNameToken": {
        "type": 0,
        "file": 1,
        "line": 20,
        "col": 15,
        "lit": "Setup MSVC environment"
      },
      "contextName": "__ilammy_msvc-dev-cmd",
      "inputs": {
        "type": 2,
        "file": 1,
        "line": 23,
        "col": 11,
        "map": [
          {
            "key": {
              "type": 0,
              "file": 1,
              "line": 23,
              "col": 11,
              "lit": "arch"
            },
            "value": {
              "type": 0,
              "file": 1,
              "line": 23,
              "col": 17,
              "lit": "amd64"
            }
          }
        ]
      },
      "condition": "success()",
      "id": "a05262d3-8b28-55a9-3574-5bd271b57289",
      "name": "__ilammy_msvc-dev-cmd"
    },
    {
      "type": "action",
      "reference": {
        "type": "script"
      },
      "displayNameToken": {
        "type": 0,
        "file": 1,
        "line": 25,
        "col": 15,
        "lit": "Generate CMake project"
      },
      "contextName": "__run_2",
      "inputs": {
        "type": 2,
        "map": [
          {
            "key": "script",
            "value": {
              "type": 0,
              "file": 1,
              "line": 26,
              "col": 14,
              "lit": "cmake -D CMAKE_BUILD_TYPE=Release -S. -Bbuild -G Ninja"
            }
          }
        ]
      },
      "condition": "success()",
      "id": "df9315f5-0d23-5708-fb72-844539b55f89",
      "name": "__run_2"
    },
    {
      "type": "action",
      "reference": {
        "type": "script"
      },
      "displayNameToken": {
        "type": 0,
        "file": 1,
        "line": 28,
        "col": 15,
        "lit": "Build 64bit release DLL"
      },
      "contextName": "__run_3",
      "inputs": {
        "type": 2,
        "map": [
          {
            "key": "script",
            "value": {
              "type": 0,
              "file": 1,
              "line": 29,
              "col": 14,
              "lit": "cmake --build ./build --config Release --target HorseMenu --"
            }
          }
        ]
      },
      "condition": "success()",
      "id": "4944218c-63e3-5a1f-5cb4-21d3d86ad772",
      "name": "__run_3"
    },
    {
      "type": "action",
      "reference": {
        "type": "script"
      },
      "displayNameToken": {
        "type": 0,
        "file": 1,
        "line": 31,
        "col": 15,
        "lit": "Check if DLL got built"
      },
      "contextName": "__run_4",
      "inputs": {
        "type": 2,
        "map": [
          {
            "key": "script",
            "value": {
              "type": 0,
              "file": 1,
              "line": 32,
              "col": 14,
              "lit": "if (-Not (Test-Path -path \"build/HorseMenu.dll\")) {throw 1}"
            }
          }
        ]
      },
      "condition": "success()",
      "id": "71732500-cf38-562e-fc1c-24465a0e773c",
      "name": "__run_4"
    },
    {
      "type": "action",
      "reference": {
        "type": "script"
      },
      "displayNameToken": {
        "type": 3,
        "file": 1,
        "line": 34,
        "col": 15,
        "expr": "format('Rename DLL to HorseMenu-dev-{0}.dll', github.sha)"
      },
      "contextName": "__run_5",
      "inputs": {
        "type": 2,
        "map": [
          {
            "key": "script",
            "value": {
              "type": 3,
              "file": 1,
              "line": 35,
              "col": 14,
              "expr": "format('del HorseMenu-dev-*.dll\nren HorseMenu.dll HorseMenu-dev-{0}.dll\n', github.sha)"
            }
          },
          {
            "key": "workingDirectory",
            "value": {
              "type": 0,
              "file": 1,
              "line": 38,
              "col": 28,
              "lit": "build/"
            }
          }
        ]
      },
      "condition": "success()",
      "id": "dfa55ea4-65fe-5196-a499-8e6bee1b4e94",
      "name": "__run_5"
    },
    {
      "type": "action",
      "reference": {
        "type": "repository",
        "name": "actions/upload-artifact",
        "ref": "v3",
        "repositoryType": "GitHub",
        "path": ""
      },
      "displayNameToken": {
        "type": 0,
        "file": 1,
        "line": 40,
        "col": 15,
        "lit": "Upload Artifact"
      },
      "contextName": "__actions_upload-artifact",
      "inputs": {
        "type": 2,
        "file": 1,
        "line": 43,
        "col": 11,
        "map": [
          {
            "key": {
              "type": 0,
              "file": 1,
              "line": 43,
              "col": 11,
              "lit": "name"
            },
            "value": {
              "type": 0,
              "file": 1,
              "line": 43,
              "col": 17,
              "lit": "binary"
            }
          },
          {
            "key": {
              "type": 0,
              "file": 1,
              "line": 44,
              "col": 11,
              "lit": "path"
            },
            "value": {
              "type": 0,
              "file": 1,
              "line": 44,
              "col": 17,
              "lit": "build/HorseMenu-dev-*.dll"
            }
          }
        ]
      },
      "condition": "success()",
      "id": "c4365d2a-b0d0-5951-39e8-d6dd80ea4029",
      "name": "__actions_upload-artifact"
    }
  ],
  "variables": {
    "system.isScheduled": {
      "value": "False"
    },
    "system.servertype": {
      "value": "Hosted"
    },
    "system.culture": {
      "value": ""
    },
    "system.pipelineStartTime": {
      "value": "2024-05-23 14:26:51+00:00"
    },
    "system.runner.lowdiskspacethreshold": {
      "value": "100"
    },
    "DistributedTask.NewActionMetadata": {
      "value": "true"
    },
    "DistributedTask.EnableCompositeActions": {
      "value": "true"
    },
    "DistributedTask.EnhancedAnnotations": {
      "value": "true"
    },
    "DistributedTask.UploadStepSummary": {
      "value": "true"
    },
    "DistributedTask.ForceGithubJavascriptActionsToNode16": {
      "value": "true"
    },
    "DistributedTask.AddWarningToNode12Action": {
      "value": "true"
    },
    "DistributedTask.AddWarningToNode16Action": {
      "value": "true"
    },
    "DistributedTask.LogTemplateErrorsAsDebugMessages": {
      "value": "true"
    },
    "DistributedTask.AllowRunnerContainerHooks": {
      "value": "true"
    },
    "DistributedTask.DeprecateStepOutputCommands": {
      "value": "true"
    },
    "DistributedTask.UseWhich2": {
      "value": "true"
    },
    "DistributedTask.DetailUntarFailure": {
      "value": "true"
    },
    "DistributedTask.UseActionArchiveCache": {
      "value": "true"
    },
    "DistributedTask.EnableJobServerQueueTelemetry": {
      "value": "true"
    },
    "DistributedTask.MarkJobAsFailedOnWorkerCrash": {
      "value": "true"
    },
    "Actions.EnableHttpRedirects": {
      "value": "true"
    },
    "system.teamProjectId": {
      "value": "00000000-0000-0000-0000-000000000000"
    },
    "build.buildId": {
      "value": "5"
    },
    "build.containerId": {
      "value": "20640553"
    },
    "system.workflowFilePath": {
      "value": ".github/workflows/ci.yml"
    },
    "system.phaseDisplayName": {
      "value": "CI"
    },
    "system.phaseId": {
      "value": "ae4f8708-9994-57d3-c2d7-b892156e7812"
    },
    "system.phaseName": {
      "value": "ci"
    },
    "system.phaseAttempt": {
      "value": "1"
    },
    "system.jobIdentifier": {
      "value": "ci.__default"
    },
    "system.jobAttempt": {
      "value": "1"
    },
    "System.JobPositionInPhase": {
      "value": "1"
    },
    "System.TotalJobsInPhase": {
      "value": "1"
    },
    "system.github.job": {
      "value": "ci"
    },
    "system.jobDisplayName": {
      "value": "CI"
    },
    "system.jobId": {
      "value": "6614165d-8168-5766-9db6-f35f537f8e36"
    },
    "system.jobName": {
      "value": "__default"
    },
    "system.github.token.permissions": {
      "value": "{\"Actions\":\"write\",\"Attestations\":\"write\",\"Checks\":\"write\",\"Contents\":\"write\",\"Deployments\":\"write\",\"Discussions\":\"write\",\"Issues\":\"write\",\"Metadata\":\"read\",\"Packages\":\"write\",\"Pages\":\"write\",\"PullRequests\":\"write\",\"RepositoryProjects\":\"write\",\"SecurityEvents\":\"write\",\"Statuses\":\"write\"}"
    },
    "system.github.token": {
      "value": "***",
      "isSecret": true
    },
    "system.runnerEnvironment": {
      "value": "self-hosted"
    },
    "system.github.results_endpoint": {
      "value": "https://results-receiver.actions.githubusercontent.com/"
    },
    "system.github.results_upload_with_sdk": {
      "value": "True"
    },
    "system.orchestrationId": {
      "value": "5c410431-bc73-4ccf-949e-10e77a885a25.ci.__default"
    },
    "system.runnerGroupName": {
      "value": "Default"
    }
  },
  "messageType": "PipelineAgentJobRequest",
  "plan": {
    "scopeIdentifier": "00000000-0000-0000-0000-000000000000",
    "planType": "Actions",
    "version": 41,
    "planId": "5c410431-bc73-4ccf-949e-10e77a885a25",
    "planGroup": "Actions:00000000-0000-0000-0000-000000000000:1",
    "artifactUri": "vstfs:///Build/Build/5",
    "artifactLocation": null,
    "definition": {
      "_links": {},
      "id": 3,
      "name": "HorseMenu"
    },
    "owner": {
      "_links": {},
      "id": 3,
      "name": "peeepy"
    }
  },
  "timeline": {
    "id": "5c410431-bc73-4ccf-949e-10e77a885a25",
    "changeId": 0,
    "location": null
  },
  "jobId": "6614165d-8168-5766-9db6-f35f537f8e36",
  "jobDisplayName": "CI",
  "jobName": "__default",
  "requestId": 3,
  "lockedUntil": "0001-01-01T00:00:00",
  "resources": {
    "endpoints": [
      {
        "data": {
          "ServerId": "a01f6b15-e2db-4c20-9367-409a3af3b9d9",
          "ServerName": "tWn9LJnveLBX9rqBenvjEk1Mk2OvobLa5sFjTrzypZeLw7gUif",
          "CacheServerUrl": "https://acghubeus1.actions.githubusercontent.com/tWn9LJnveLBX9rqBenvjEk1Mk2OvobLa5sFjTrzypZeLw7gUif/",
          "FeedStreamUrl": "https://results-receiver.actions.githubusercontent.com/_ws/ingest.sock",
          "ResultsServiceUrl": "https://results-receiver.actions.githubusercontent.com/",
          "ConnectivityChecks": "[\"https://acghubeus0.actions.githubusercontent.com/_apis/health\",\"https://results-receiver.actions.githubusercontent.com/health\",\"https://actions-results-receiver-production.githubapp.com/health\",\"https://pipelinesghubeus11.actions.githubusercontent.com/_apis/health\"]"
        },
        "name": "SystemVssConnection",
        "url": "https://pipelinesghubeus11.actions.githubusercontent.com/tWn9LJnveLBX9rqBenvjEk1Mk2OvobLa5sFjTrzypZeLw7gUif/",
        "authorization": {
          "parameters": {
            "AccessToken": ***
          },
          "scheme": "OAuth"
        },
        "isShared": false,
        "isReady": true
      }
    ]
  },
  "contextData": {
    "github": {
      "t": 2,
      "d": [
        {
          "k": "ref",
          "v": "refs/heads/master"
        },
        {
          "k": "sha",
          "v": "51fa358f8063fe124de932169982d853aa5304d9"
        },
        {
          "k": "repository",
          "v": "peeepy/HorseMenu"
        },
        {
          "k": "repository_owner",
          "v": "peeepy"
        },
        {
          "k": "repository_owner_id",
          "v": "111094949"
        },
        {
          "k": "repositoryUrl",
          "v": "git://github.com/peeepy/HorseMenu.git"
        },
        {
          "k": "run_id",
          "v": "9209820407"
        },
        {
          "k": "run_number",
          "v": "3"
        },
        {
          "k": "retention_days",
          "v": "90"
        },
        {
          "k": "run_attempt",
          "v": "1"
        },
        {
          "k": "artifact_cache_size_limit",
          "v": "10"
        },
        {
          "k": "repository_visibility",
          "v": "public"
        },
        {
          "k": "repo-self-hosted-runners-disabled",
          "v": false
        },
        {
          "k": "enterprise-managed-business-id",
          "v": ""
        },
        {
          "k": "repository_id",
          "v": "804913166"
        },
        {
          "k": "actor_id",
          "v": "111094949"
        },
        {
          "k": "actor",
          "v": "peeepy"
        },
        {
          "k": "triggering_actor",
          "v": "peeepy"
        },
        {
          "k": "workflow",
          "v": "CI"
        },
        {
          "k": "head_ref",
          "v": ""
        },
        {
          "k": "base_ref",
          "v": ""
        },
        {
          "k": "event_name",
          "v": "push"
        },
        {
          "k": "event",
          "v": {
            "t": 2,
            "d": [
              {
                "k": "after",
                "v": "51fa358f8063fe124de932169982d853aa5304d9"
              },
              {
                "k": "base_ref",
                "v": null
              },
              {
                "k": "before",
                "v": "d6ca79156d3f2d5de9a1cec5c49b9956dd43e6f8"
              },
              {
                "k": "commits",
                "v": {
                  "t": 1,
                  "a": [
                    {
                      "t": 2,
                      "d": [
                        {
                          "k": "author",
                          "v": {
                            "t": 2,
                            "d": [
                              {
                                "k": "email",
                                "v": "111094949+peeepy@users.noreply.github.com"
                              },
                              {
                                "k": "name",
                                "v": "peeepy"
                              },
                              {
                                "k": "username",
                                "v": "peeepy"
                              }
                            ]
                          }
                        },
                        {
                          "k": "committer",
                          "v": {
                            "t": 2,
                            "d": [
                              {
                                "k": "email",
                                "v": "111094949+peeepy@users.noreply.github.com"
                              },
                              {
                                "k": "name",
                                "v": "peeepy"
                              },
                              {
                                "k": "username",
                                "v": "peeepy"
                              }
                            ]
                          }
                        },
                        {
                          "k": "distinct",
                          "v": true
                        },
                        {
                          "k": "id",
                          "v": "e324e0fdfe28b3771488f4d3818602a9069f5e34"
                        },
                        {
                          "k": "message",
                          "v": "Update GUI.cpp"
                        },
                        {
                          "k": "timestamp",
                          "v": "2024-05-23T15:25:59+01:00"
                        },
                        {
                          "k": "tree_id",
                          "v": "d92c932eccde952fcf4c967fe0bf105800d4d11c"
                        },
                        {
                          "k": "url",
                          "v": "https://github.com/peeepy/HorseMenu/commit/e324e0fdfe28b3771488f4d3818602a9069f5e34"
                        }
                      ]
                    },
                    {
                      "t": 2,
                      "d": [
                        {
                          "k": "author",
                          "v": {
                            "t": 2,
                            "d": [
                              {
                                "k": "email",
                                "v": "111094949+peeepy@users.noreply.github.com"
                              },
                              {
                                "k": "name",
                                "v": "peeepy"
                              },
                              {
                                "k": "username",
                                "v": "peeepy"
                              }
                            ]
                          }
                        },
                        {
                          "k": "committer",
                          "v": {
                            "t": 2,
                            "d": [
                              {
                                "k": "email",
                                "v": "111094949+peeepy@users.noreply.github.com"
                              },
                              {
                                "k": "name",
                                "v": "peeepy"
                              },
                              {
                                "k": "username",
                                "v": "peeepy"
                              }
                            ]
                          }
                        },
                        {
                          "k": "distinct",
                          "v": true
                        },
                        {
                          "k": "id",
                          "v": "51fa358f8063fe124de932169982d853aa5304d9"
                        },
                        {
                          "k": "message",
                          "v": "Merge branch 'master' of https://github.com/peeepy/HorseMenu"
                        },
                        {
                          "k": "timestamp",
                          "v": "2024-05-23T15:26:28+01:00"
                        },
                        {
                          "k": "tree_id",
                          "v": "e16cbec5c54fc40c31d43c36e9a9447824ef03e9"
                        },
                        {
                          "k": "url",
                          "v": "https://github.com/peeepy/HorseMenu/commit/51fa358f8063fe124de932169982d853aa5304d9"
                        }
                      ]
                    }
                  ]
                }
              },
              {
                "k": "compare",
                "v": "https://github.com/peeepy/HorseMenu/compare/d6ca79156d3f...51fa358f8063"
              },
              {
                "k": "created",
                "v": false
              },
              {
                "k": "deleted",
                "v": false
              },
              {
                "k": "forced",
                "v": false
              },
              {
                "k": "head_commit",
                "v": {
                  "t": 2,
                  "d": [
                    {
                      "k": "author",
                      "v": {
                        "t": 2,
                        "d": [
                          {
                            "k": "email",
                            "v": "111094949+peeepy@users.noreply.github.com"
                          },
                          {
                            "k": "name",
                            "v": "peeepy"
                          },
                          {
                            "k": "username",
                            "v": "peeepy"
                          }
                        ]
                      }
                    },
                    {
                      "k": "committer",
                      "v": {
                        "t": 2,
                        "d": [
                          {
                            "k": "email",
                            "v": "111094949+peeepy@users.noreply.github.com"
                          },
                          {
                            "k": "name",
                            "v": "peeepy"
                          },
                          {
                            "k": "username",
                            "v": "peeepy"
                          }
                        ]
                      }
                    },
                    {
                      "k": "distinct",
                      "v": true
                    },
                    {
                      "k": "id",
                      "v": "51fa358f8063fe124de932169982d853aa5304d9"
                    },
                    {
                      "k": "message",
                      "v": "Merge branch 'master' of https://github.com/peeepy/HorseMenu"
                    },
                    {
                      "k": "timestamp",
                      "v": "2024-05-23T15:26:28+01:00"
                    },
                    {
                      "k": "tree_id",
                      "v": "e16cbec5c54fc40c31d43c36e9a9447824ef03e9"
                    },
                    {
                      "k": "url",
                      "v": "https://github.com/peeepy/HorseMenu/commit/51fa358f8063fe124de932169982d853aa5304d9"
                    }
                  ]
                }
              },
              {
                "k": "pusher",
                "v": {
                  "t": 2,
                  "d": [
                    {
                      "k": "email",
                      "v": "111094949+peeepy@users.noreply.github.com"
                    },
                    {
                      "k": "name",
                      "v": "peeepy"
                    }
                  ]
                }
              },
              {
                "k": "ref",
                "v": "refs/heads/master"
              },
              {
                "k": "repository",
                "v": {
                  "t": 2,
                  "d": [
                    {
                      "k": "allow_forking",
                      "v": true
                    },
                    {
                      "k": "archive_url",
                      "v": "https://api.github.com/repos/peeepy/HorseMenu/{archive_format}{/ref}"
                    },
                    {
                      "k": "archived",
                      "v": false
                    },
                    {
                      "k": "assignees_url",
                      "v": "https://api.github.com/repos/peeepy/HorseMenu/assignees{/user}"
                    },
                    {
                      "k": "blobs_url",
                      "v": "https://api.github.com/repos/peeepy/HorseMenu/git/blobs{/sha}"
                    },
                    {
                      "k": "branches_url",
                      "v": "https://api.github.com/repos/peeepy/HorseMenu/branches{/branch}"
                    },
                    {
                      "k": "clone_url",
                      "v": "https://github.com/peeepy/HorseMenu.git"
                    },
                    {
                      "k": "collaborators_url",
                      "v": "https://api.github.com/repos/peeepy/HorseMenu/collaborators{/collaborator}"
                    },
                    {
                      "k": "comments_url",
                      "v": "https://api.github.com/repos/peeepy/HorseMenu/comments{/number}"
                    },
                    {
                      "k": "commits_url",
                      "v": "https://api.github.com/repos/peeepy/HorseMenu/commits{/sha}"
                    },
                    {
                      "k": "compare_url",
                      "v": "https://api.github.com/repos/peeepy/HorseMenu/compare/{base}...{head}"
                    },
                    {
                      "k": "contents_url",
                      "v": "https://api.github.com/repos/peeepy/HorseMenu/contents/{+path}"
                    },
                    {
                      "k": "contributors_url",
                      "v": "https://api.github.com/repos/peeepy/HorseMenu/contributors"
                    },
                    {
                      "k": "created_at",
                      "v": 1716473398.0
                    },
                    {
                      "k": "default_branch",
                      "v": "master"
                    },
                    {
                      "k": "deployments_url",
                      "v": "https://api.github.com/repos/peeepy/HorseMenu/deployments"
                    },
                    {
                      "k": "description",
                      "v": "PRE-ALPHA Shaping up, star trek aint got nothing on this"
                    },
                    {
                      "k": "disabled",
                      "v": false
                    },
                    {
                      "k": "downloads_url",
                      "v": "https://api.github.com/repos/peeepy/HorseMenu/downloads"
                    },
                    {
                      "k": "events_url",
                      "v": "https://api.github.com/repos/peeepy/HorseMenu/events"
                    },
                    {
                      "k": "fork",
                      "v": true
                    },
                    {
                      "k": "forks",
                      "v": 0.0
                    },
                    {
                      "k": "forks_count",
                      "v": 0.0
                    },
                    {
                      "k": "forks_url",
                      "v": "https://api.github.com/repos/peeepy/HorseMenu/forks"
                    },
                    {
                      "k": "full_name",
                      "v": "peeepy/HorseMenu"
                    },
                    {
                      "k": "git_commits_url",
                      "v": "https://api.github.com/repos/peeepy/HorseMenu/git/commits{/sha}"
                    },
                    {
                      "k": "git_refs_url",
                      "v": "https://api.github.com/repos/peeepy/HorseMenu/git/refs{/sha}"
                    },
                    {
                      "k": "git_tags_url",
                      "v": "https://api.github.com/repos/peeepy/HorseMenu/git/tags{/sha}"
                    },
                    {
                      "k": "git_url",
                      "v": "git://github.com/peeepy/HorseMenu.git"
                    },
                    {
                      "k": "has_discussions",
                      "v": false
                    },
                    {
                      "k": "has_downloads",
                      "v": true
                    },
                    {
                      "k": "has_issues",
                      "v": false
                    },
                    {
                      "k": "has_pages",
                      "v": false
                    },
                    {
                      "k": "has_projects",
                      "v": true
                    },
                    {
                      "k": "has_wiki",
                      "v": true
                    },
                    {
                      "k": "homepage",
                      "v": ""
                    },
                    {
                      "k": "hooks_url",
                      "v": "https://api.github.com/repos/peeepy/HorseMenu/hooks"
                    },
                    {
                      "k": "html_url",
                      "v": "https://github.com/peeepy/HorseMenu"
                    },
                    {
                      "k": "id",
                      "v": 804913166.0
                    },
                    {
                      "k": "is_template",
                      "v": false
                    },
                    {
                      "k": "issue_comment_url",
                      "v": "https://api.github.com/repos/peeepy/HorseMenu/issues/comments{/number}"
                    },
                    {
                      "k": "issue_events_url",
                      "v": "https://api.github.com/repos/peeepy/HorseMenu/issues/events{/number}"
                    },
                    {
                      "k": "issues_url",
                      "v": "https://api.github.com/repos/peeepy/HorseMenu/issues{/number}"
                    },
                    {
                      "k": "keys_url",
                      "v": "https://api.github.com/repos/peeepy/HorseMenu/keys{/key_id}"
                    },
                    {
                      "k": "labels_url",
                      "v": "https://api.github.com/repos/peeepy/HorseMenu/labels{/name}"
                    },
                    {
                      "k": "language",
                      "v": "C++"
                    },
                    {
                      "k": "languages_url",
                      "v": "https://api.github.com/repos/peeepy/HorseMenu/languages"
                    },
                    {
                      "k": "license",
                      "v": null
                    },
                    {
                      "k": "master_branch",
                      "v": "master"
                    },
                    {
                      "k": "merges_url",
                      "v": "https://api.github.com/repos/peeepy/HorseMenu/merges"
                    },
                    {
                      "k": "milestones_url",
                      "v": "https://api.github.com/repos/peeepy/HorseMenu/milestones{/number}"
                    },
                    {
                      "k": "mirror_url",
                      "v": null
                    },
                    {
                      "k": "name",
                      "v": "HorseMenu"
                    },
                    {
                      "k": "node_id",
                      "v": "R_kgDOL_oADg"
                    },
                    {
                      "k": "notifications_url",
                      "v": "https://api.github.com/repos/peeepy/HorseMenu/notifications{?since,all,participating}"
                    },
                    {
                      "k": "open_issues",
                      "v": 0.0
                    },
                    {
                      "k": "open_issues_count",
                      "v": 0.0
                    },
                    {
                      "k": "owner",
                      "v": {
                        "t": 2,
                        "d": [
                          {
                            "k": "avatar_url",
                            "v": "https://avatars.githubusercontent.com/u/111094949?v=4"
                          },
                          {
                            "k": "email",
                            "v": "111094949+peeepy@users.noreply.github.com"
                          },
                          {
                            "k": "events_url",
                            "v": "https://api.github.com/users/peeepy/events{/privacy}"
                          },
                          {
                            "k": "followers_url",
                            "v": "https://api.github.com/users/peeepy/followers"
                          },
                          {
                            "k": "following_url",
                            "v": "https://api.github.com/users/peeepy/following{/other_user}"
                          },
                          {
                            "k": "gists_url",
                            "v": "https://api.github.com/users/peeepy/gists{/gist_id}"
                          },
                          {
                            "k": "gravatar_id",
                            "v": ""
                          },
                          {
                            "k": "html_url",
                            "v": "https://github.com/peeepy"
                          },
                          {
                            "k": "id",
                            "v": 111094949.0
                          },
                          {
                            "k": "login",
                            "v": "peeepy"
                          },
                          {
                            "k": "name",
                            "v": "peeepy"
                          },
                          {
                            "k": "node_id",
                            "v": "U_kgDOBp8spQ"
                          },
                          {
                            "k": "organizations_url",
                            "v": "https://api.github.com/users/peeepy/orgs"
                          },
                          {
                            "k": "received_events_url",
                            "v": "https://api.github.com/users/peeepy/received_events"
                          },
                          {
                            "k": "repos_url",
                            "v": "https://api.github.com/users/peeepy/repos"
                          },
                          {
                            "k": "site_admin",
                            "v": false
                          },
                          {
                            "k": "starred_url",
                            "v": "https://api.github.com/users/peeepy/starred{/owner}{/repo}"
                          },
                          {
                            "k": "subscriptions_url",
                            "v": "https://api.github.com/users/peeepy/subscriptions"
                          },
                          {
                            "k": "type",
                            "v": "User"
                          },
                          {
                            "k": "url",
                            "v": "https://api.github.com/users/peeepy"
                          }
                        ]
                      }
                    },
                    {
                      "k": "private",
                      "v": false
                    },
                    {
                      "k": "pulls_url",
                      "v": "https://api.github.com/repos/peeepy/HorseMenu/pulls{/number}"
                    },
                    {
                      "k": "pushed_at",
                      "v": 1716474407.0
                    },
                    {
                      "k": "releases_url",
                      "v": "https://api.github.com/repos/peeepy/HorseMenu/releases{/id}"
                    },
                    {
                      "k": "size",
                      "v": 1932.0
                    },
                    {
                      "k": "ssh_url",
                      "v": "git@github.com:peeepy/HorseMenu.git"
                    },
                    {
                      "k": "stargazers",
                      "v": 0.0
                    },
                    {
                      "k": "stargazers_count",
                      "v": 0.0
                    },
                    {
                      "k": "stargazers_url",
                      "v": "https://api.github.com/repos/peeepy/HorseMenu/stargazers"
                    },
                    {
                      "k": "statuses_url",
                      "v": "https://api.github.com/repos/peeepy/HorseMenu/statuses/{sha}"
                    },
                    {
                      "k": "subscribers_url",
                      "v": "https://api.github.com/repos/peeepy/HorseMenu/subscribers"
                    },
                    {
                      "k": "subscription_url",
                      "v": "https://api.github.com/repos/peeepy/HorseMenu/subscription"
                    },
                    {
                      "k": "svn_url",
                      "v": "https://github.com/peeepy/HorseMenu"
                    },
                    {
                      "k": "tags_url",
                      "v": "https://api.github.com/repos/peeepy/HorseMenu/tags"
                    },
                    {
                      "k": "teams_url",
                      "v": "https://api.github.com/repos/peeepy/HorseMenu/teams"
                    },
                    {
                      "k": "topics",
                      "v": {
                        "t": 1
                      }
                    },
                    {
                      "k": "trees_url",
                      "v": "https://api.github.com/repos/peeepy/HorseMenu/git/trees{/sha}"
                    },
                    {
                      "k": "updated_at",
                      "v": "2024-05-23T14:25:13Z"
                    },
                    {
                      "k": "url",
                      "v": "https://github.com/peeepy/HorseMenu"
                    },
                    {
                      "k": "visibility",
                      "v": "public"
                    },
                    {
                      "k": "watchers",
                      "v": 0.0
                    },
                    {
                      "k": "watchers_count",
                      "v": 0.0
                    },
                    {
                      "k": "web_commit_signoff_required",
                      "v": false
                    }
                  ]
                }
              },
              {
                "k": "sender",
                "v": {
                  "t": 2,
                  "d": [
                    {
                      "k": "avatar_url",
                      "v": "https://avatars.githubusercontent.com/u/111094949?v=4"
                    },
                    {
                      "k": "events_url",
                      "v": "https://api.github.com/users/peeepy/events{/privacy}"
                    },
                    {
                      "k": "followers_url",
                      "v": "https://api.github.com/users/peeepy/followers"
                    },
                    {
                      "k": "following_url",
                      "v": "https://api.github.com/users/peeepy/following{/other_user}"
                    },
                    {
                      "k": "gists_url",
                      "v": "https://api.github.com/users/peeepy/gists{/gist_id}"
                    },
                    {
                      "k": "gravatar_id",
                      "v": ""
                    },
                    {
                      "k": "html_url",
                      "v": "https://github.com/peeepy"
                    },
                    {
                      "k": "id",
                      "v": 111094949.0
                    },
                    {
                      "k": "login",
                      "v": "peeepy"
                    },
                    {
                      "k": "node_id",
                      "v": "U_kgDOBp8spQ"
                    },
                    {
                      "k": "organizations_url",
                      "v": "https://api.github.com/users/peeepy/orgs"
                    },
                    {
                      "k": "received_events_url",
                      "v": "https://api.github.com/users/peeepy/received_events"
                    },
                    {
                      "k": "repos_url",
                      "v": "https://api.github.com/users/peeepy/repos"
                    },
                    {
                      "k": "site_admin",
                      "v": false
                    },
                    {
                      "k": "starred_url",
                      "v": "https://api.github.com/users/peeepy/starred{/owner}{/repo}"
                    },
                    {
                      "k": "subscriptions_url",
                      "v": "https://api.github.com/users/peeepy/subscriptions"
                    },
                    {
                      "k": "type",
                      "v": "User"
                    },
                    {
                      "k": "url",
                      "v": "https://api.github.com/users/peeepy"
                    }
                  ]
                }
              }
            ]
          }
        },
        {
          "k": "server_url",
          "v": "https://github.com"
        },
        {
          "k": "api_url",
          "v": "https://api.github.com"
        },
        {
          "k": "graphql_url",
          "v": "https://api.github.com/graphql"
        },
        {
          "k": "ref_name",
          "v": "master"
        },
        {
          "k": "ref_protected",
          "v": false
        },
        {
          "k": "ref_type",
          "v": "branch"
        },
        {
          "k": "secret_source",
          "v": "Actions"
        },
        {
          "k": "workflow_ref",
          "v": "peeepy/HorseMenu/.github/workflows/ci.yml@refs/heads/master"
        },
        {
          "k": "workflow_sha",
          "v": "51fa358f8063fe124de932169982d853aa5304d9"
        }
      ]
    },
    "run-feature-flags": {
      "t": 2,
      "d": [
        {
          "k": "actions_stream_logs_via_results_service",
          "v": true
        },
        {
          "k": "actions_use_results_service",
          "v": true
        },
        {
          "k": "larger_runners_custom_image_generation",
          "v": false
        }
      ]
    },
    "partialrerun": false,
    "needs": {
      "t": 2
    },
    "vars": null,
    "inputs": {
      "t": 2
    },
    "matrix": null,
    "strategy": {
      "t": 2,
      "d": [
        {
          "k": "fail-fast",
          "v": true
        },
        {
          "k": "job-index",
          "v": 0.0
        },
        {
          "k": "job-total",
          "v": 1.0
        },
        {
          "k": "max-parallel",
          "v": 1.0
        }
      ]
    },
    "EndpointsOverride": null
  }
}
[2024-05-23 14:26:54Z INFO JobRunner] Job ID 6614165d-8168-5766-9db6-f35f537f8e36
[2024-05-23 14:26:54Z INFO ConfigurationStore] currentAssemblyLocation: D:\HorseMenu\actions-runner\bin\Runner.Worker.dll
[2024-05-23 14:26:54Z INFO HostContext] Well known directory 'Bin': 'D:\HorseMenu\actions-runner\bin'
[2024-05-23 14:26:54Z INFO ConfigurationStore] binPath: D:\HorseMenu\actions-runner\bin
[2024-05-23 14:26:54Z INFO HostContext] Well known directory 'Bin': 'D:\HorseMenu\actions-runner\bin'
[2024-05-23 14:26:54Z INFO HostContext] Well known directory 'Root': 'D:\HorseMenu\actions-runner'
[2024-05-23 14:26:54Z INFO ConfigurationStore] RootFolder: D:\HorseMenu\actions-runner
[2024-05-23 14:26:54Z INFO HostContext] Well known directory 'Bin': 'D:\HorseMenu\actions-runner\bin'
[2024-05-23 14:26:54Z INFO HostContext] Well known directory 'Root': 'D:\HorseMenu\actions-runner'
[2024-05-23 14:26:54Z INFO HostContext] Well known config file 'Runner': 'D:\HorseMenu\actions-runner\.runner'
[2024-05-23 14:26:54Z INFO ConfigurationStore] ConfigFilePath: D:\HorseMenu\actions-runner\.runner
[2024-05-23 14:26:54Z INFO HostContext] Well known directory 'Bin': 'D:\HorseMenu\actions-runner\bin'
[2024-05-23 14:26:54Z INFO HostContext] Well known directory 'Root': 'D:\HorseMenu\actions-runner'
[2024-05-23 14:26:54Z INFO HostContext] Well known config file 'Credentials': 'D:\HorseMenu\actions-runner\.credentials'
[2024-05-23 14:26:54Z INFO ConfigurationStore] CredFilePath: D:\HorseMenu\actions-runner\.credentials
[2024-05-23 14:26:54Z INFO HostContext] Well known directory 'Bin': 'D:\HorseMenu\actions-runner\bin'
[2024-05-23 14:26:54Z INFO HostContext] Well known directory 'Root': 'D:\HorseMenu\actions-runner'
[2024-05-23 14:26:54Z INFO HostContext] Well known config file 'MigratedCredentials': 'D:\HorseMenu\actions-runner\.credentials_migrated'
[2024-05-23 14:26:54Z INFO ConfigurationStore] MigratedCredFilePath: D:\HorseMenu\actions-runner\.credentials_migrated
[2024-05-23 14:26:54Z INFO HostContext] Well known directory 'Bin': 'D:\HorseMenu\actions-runner\bin'
[2024-05-23 14:26:54Z INFO HostContext] Well known directory 'Root': 'D:\HorseMenu\actions-runner'
[2024-05-23 14:26:54Z INFO HostContext] Well known config file 'Service': 'D:\HorseMenu\actions-runner\.service'
[2024-05-23 14:26:54Z INFO ConfigurationStore] ServiceConfigFilePath: D:\HorseMenu\actions-runner\.service
[2024-05-23 14:26:54Z INFO ConfigurationStore] Read setting file: 293 chars
[2024-05-23 14:26:54Z INFO JobRunner] Creating job server with URL: https://pipelinesghubeus11.actions.githubusercontent.com/tWn9LJnveLBX9rqBenvjEk1Mk2OvobLa5sFjTrzypZeLw7gUif/
[2024-05-23 14:26:54Z INFO GitHubActionsService] Starting operation Location.GetConnectionData
[2024-05-23 14:26:54Z INFO Worker] Listening for cancel message from the channel.
[2024-05-23 14:26:54Z INFO Worker] Waiting for the job to complete or for a cancel message from the channel.
[2024-05-23 14:26:55Z INFO GitHubActionsService] Finished operation Location.GetConnectionData
[2024-05-23 14:26:55Z INFO JobServer] Creating websocket client ...wss://results-receiver.actions.githubusercontent.com/_ws/ingest.sock
[2024-05-23 14:26:55Z INFO JobServer] Attempting to start websocket client with delay 00:00:00.
[2024-05-23 14:26:55Z INFO JobServerQueue] Initializing results client
[2024-05-23 14:26:55Z INFO JobServerQueue] Start process web console line queue.
[2024-05-23 14:26:55Z INFO JobServerQueue] Start process file upload queue.
[2024-05-23 14:26:55Z INFO JobServerQueue] Start results file upload queue.
[2024-05-23 14:26:55Z INFO JobServerQueue] Starting results-based upload queue...
[2024-05-23 14:26:55Z INFO JobServerQueue] Start process timeline update queue.
[2024-05-23 14:26:55Z INFO ExecutionContext] Initialize GitHub context
[2024-05-23 14:26:55Z INFO ExecutionContext] Initialize Env context
[2024-05-23 14:26:55Z INFO HostContext] Well known directory 'Bin': 'D:\HorseMenu\actions-runner\bin'
[2024-05-23 14:26:55Z INFO HostContext] Well known directory 'Root': 'D:\HorseMenu\actions-runner'
[2024-05-23 14:26:55Z INFO HostContext] Well known directory 'Diag': 'D:\HorseMenu\actions-runner\_diag'
[2024-05-23 14:26:55Z INFO HostContext] Well known directory 'Bin': 'D:\HorseMenu\actions-runner\bin'
[2024-05-23 14:26:55Z INFO HostContext] Well known directory 'Root': 'D:\HorseMenu\actions-runner'
[2024-05-23 14:26:55Z INFO HostContext] Well known directory 'Diag': 'D:\HorseMenu\actions-runner\_diag'
[2024-05-23 14:26:55Z INFO JobRunner] Starting the job execution context.
[2024-05-23 14:26:55Z INFO HostContext] Well known directory 'Bin': 'D:\HorseMenu\actions-runner\bin'
[2024-05-23 14:26:55Z INFO HostContext] Well known directory 'Root': 'D:\HorseMenu\actions-runner'
[2024-05-23 14:26:55Z INFO HostContext] Well known directory 'Work': 'D:\HorseMenu\actions-runner\_work'
[2024-05-23 14:26:55Z INFO JobRunner] Validating directory permissions for: 'D:\HorseMenu\actions-runner\_work'
[2024-05-23 14:26:55Z INFO HostContext] Well known directory 'Bin': 'D:\HorseMenu\actions-runner\bin'
[2024-05-23 14:26:55Z INFO HostContext] Well known directory 'Root': 'D:\HorseMenu\actions-runner'
[2024-05-23 14:26:55Z INFO HostContext] Well known directory 'Work': 'D:\HorseMenu\actions-runner\_work'
[2024-05-23 14:26:55Z INFO HostContext] Well known directory 'Tools': 'D:\HorseMenu\actions-runner\_work\_tool'
[2024-05-23 14:26:55Z INFO HostContext] Well known directory 'Bin': 'D:\HorseMenu\actions-runner\bin'
[2024-05-23 14:26:55Z INFO HostContext] Well known directory 'Root': 'D:\HorseMenu\actions-runner'
[2024-05-23 14:26:55Z INFO HostContext] Well known directory 'Work': 'D:\HorseMenu\actions-runner\_work'
[2024-05-23 14:26:55Z INFO HostContext] Well known directory 'Temp': 'D:\HorseMenu\actions-runner\_work\_temp'
[2024-05-23 14:26:55Z INFO JobRunner] Getting job extension.
[2024-05-23 14:26:55Z INFO JobRunner] Initialize job. Getting all job steps.
[2024-05-23 14:26:55Z INFO HostContext] Well known directory 'Bin': 'D:\HorseMenu\actions-runner\bin'
[2024-05-23 14:26:55Z INFO HostContext] Well known directory 'Root': 'D:\HorseMenu\actions-runner'
[2024-05-23 14:26:55Z INFO HostContext] Well known directory 'Diag': 'D:\HorseMenu\actions-runner\_diag'
[2024-05-23 14:26:55Z INFO HostContext] Well known directory 'Bin': 'D:\HorseMenu\actions-runner\bin'
[2024-05-23 14:26:55Z INFO HostContext] Well known directory 'Root': 'D:\HorseMenu\actions-runner'
[2024-05-23 14:26:55Z INFO HostContext] Well known directory 'Diag': 'D:\HorseMenu\actions-runner\_diag'
[2024-05-23 14:26:55Z INFO HostContext] Well known directory 'Bin': 'D:\HorseMenu\actions-runner\bin'
[2024-05-23 14:26:55Z INFO HostContext] Well known directory 'Root': 'D:\HorseMenu\actions-runner'
[2024-05-23 14:26:55Z INFO HostContext] Well known config file 'Credentials': 'D:\HorseMenu\actions-runner\.credentials'
[2024-05-23 14:26:55Z INFO HostContext] Well known directory 'Bin': 'D:\HorseMenu\actions-runner\bin'
[2024-05-23 14:26:55Z INFO HostContext] Well known directory 'Root': 'D:\HorseMenu\actions-runner'
[2024-05-23 14:26:55Z INFO HostContext] Well known config file 'SetupInfo': 'D:\HorseMenu\actions-runner\.setup_info'
[2024-05-23 14:26:55Z INFO HostContext] Well known directory 'Bin': 'D:\HorseMenu\actions-runner\bin'
[2024-05-23 14:26:55Z INFO HostContext] Well known directory 'Root': 'D:\HorseMenu\actions-runner'
[2024-05-23 14:26:55Z INFO HostContext] Well known directory 'Work': 'D:\HorseMenu\actions-runner\_work'
[2024-05-23 14:26:55Z INFO PipelineDirectoryManager] Loading tracking config if exists: D:\HorseMenu\actions-runner\_work\_PipelineMapping\peeepy/HorseMenu\PipelineFolder.json
[2024-05-23 14:26:55Z INFO PipelineDirectoryManager] Updating job run properties.
[2024-05-23 14:26:55Z INFO HostContext] Well known directory 'Bin': 'D:\HorseMenu\actions-runner\bin'
[2024-05-23 14:26:55Z INFO HostContext] Well known directory 'Root': 'D:\HorseMenu\actions-runner'
[2024-05-23 14:26:55Z INFO HostContext] Well known directory 'Work': 'D:\HorseMenu\actions-runner\_work'
[2024-05-23 14:26:55Z INFO HostContext] Well known directory 'Bin': 'D:\HorseMenu\actions-runner\bin'
[2024-05-23 14:26:55Z INFO HostContext] Well known directory 'Root': 'D:\HorseMenu\actions-runner'
[2024-05-23 14:26:55Z INFO HostContext] Well known directory 'Work': 'D:\HorseMenu\actions-runner\_work'
[2024-05-23 14:26:55Z INFO HostContext] Well known directory 'Bin': 'D:\HorseMenu\actions-runner\bin'
[2024-05-23 14:26:55Z INFO HostContext] Well known directory 'Root': 'D:\HorseMenu\actions-runner'
[2024-05-23 14:26:55Z INFO HostContext] Well known directory 'Work': 'D:\HorseMenu\actions-runner\_work'
[2024-05-23 14:26:55Z INFO JobExtension] Downloading actions
[2024-05-23 14:26:55Z INFO HostContext] Well known directory 'Bin': 'D:\HorseMenu\actions-runner\bin'
[2024-05-23 14:26:55Z INFO HostContext] Well known directory 'Root': 'D:\HorseMenu\actions-runner'
[2024-05-23 14:26:55Z INFO HostContext] Well known directory 'Work': 'D:\HorseMenu\actions-runner\_work'
[2024-05-23 14:26:55Z INFO HostContext] Well known directory 'Actions': 'D:\HorseMenu\actions-runner\_work\_actions'
[2024-05-23 14:26:55Z INFO JobServer] Successfully started websocket client.
[2024-05-23 14:26:55Z INFO JobServerQueue] Try to append 1 batches web console lines for record 'cdcdbf0b-fe93-4b49-ac98-d00895695c01', success rate: 1/1.
[2024-05-23 14:26:55Z ERR  GitHubActionsService] POST request to https://pipelinesghubeus11.actions.githubusercontent.com/tWn9LJnveLBX9rqBenvjEk1Mk2OvobLa5sFjTrzypZeLw7gUif/00000000-0000-0000-0000-000000000000/_apis/distributedtask/hubs/Actions/plans/5c410431-bc73-4ccf-949e-10e77a885a25/actiondownloadinfo?jobId=6614165d-8168-5766-9db6-f35f537f8e36 failed. HTTP Status: UnprocessableEntity
[2024-05-23 14:26:55Z ERR  JobExtension] Caught exception from JobExtension Initialization: GitHub.DistributedTask.WebApi.UnresolvableActionDownloadInfoException: Unable to resolve action `lukka/get-cmake@v3`, unable to find version `v3`
   at GitHub.Services.WebApi.VssHttpClientBase.HandleResponseAsync(HttpResponseMessage response, CancellationToken cancellationToken)
   at GitHub.Services.WebApi.VssHttpClientBase.SendAsync(HttpRequestMessage message, HttpCompletionOption completionOption, Object userState, CancellationToken cancellationToken)
   at GitHub.Services.WebApi.VssHttpClientBase.SendAsync[T](HttpRequestMessage message, Object userState, CancellationToken cancellationToken)
   at GitHub.Services.WebApi.VssHttpClientBase.SendAsync[T](HttpMethod method, IEnumerable`1 additionalHeaders, Guid locationId, Object routeValues, ApiResourceVersion version, HttpContent content, IEnumerable`1 queryParameters, Object userState, CancellationToken cancellationToken)
   at GitHub.Runner.Worker.ActionManager.GetDownloadInfoAsync(IExecutionContext executionContext, List`1 actions)
   at GitHub.Runner.Worker.ActionManager.GetDownloadInfoAsync(IExecutionContext executionContext, List`1 actions)
   at GitHub.Runner.Worker.ActionManager.PrepareActionsRecursiveAsync(IExecutionContext executionContext, PrepareActionsState state, IEnumerable`1 actions, Int32 depth, Guid parentStepId)
   at GitHub.Runner.Worker.ActionManager.PrepareActionsAsync(IExecutionContext executionContext, IEnumerable`1 steps, Guid rootStepId)
   at GitHub.Runner.Worker.JobExtension.InitializeJob(IExecutionContext jobContext, AgentJobRequestMessage message)
[2024-05-23 14:26:55Z INFO ExecutionContext] Publish step telemetry for current step {
  "action": "setup_job",
  "type": "runner",
  "stage": "Pre",
  "stepId": "cdcdbf0b-fe93-4b49-ac98-d00895695c01",
  "result": "failed",
  "errorMessages": [
    "Unable to resolve action `lukka/get-cmake@v3`, unable to find version `v3`"
  ],
  "executionTimeInSeconds": 1,
  "startTime": "2024-05-23T14:26:55.1200876Z",
  "finishTime": "2024-05-23T14:26:55.4675169Z"
}.
[2024-05-23 14:26:55Z ERR  JobRunner] Job initialize failed.
[2024-05-23 14:26:55Z ERR  JobRunner] Caught exception from InitializeJob: GitHub.DistributedTask.WebApi.UnresolvableActionDownloadInfoException: Unable to resolve action `lukka/get-cmake@v3`, unable to find version `v3`
   at GitHub.Services.WebApi.VssHttpClientBase.HandleResponseAsync(HttpResponseMessage response, CancellationToken cancellationToken)
   at GitHub.Services.WebApi.VssHttpClientBase.SendAsync(HttpRequestMessage message, HttpCompletionOption completionOption, Object userState, CancellationToken cancellationToken)
   at GitHub.Services.WebApi.VssHttpClientBase.SendAsync[T](HttpRequestMessage message, Object userState, CancellationToken cancellationToken)
   at GitHub.Services.WebApi.VssHttpClientBase.SendAsync[T](HttpMethod method, IEnumerable`1 additionalHeaders, Guid locationId, Object routeValues, ApiResourceVersion version, HttpContent content, IEnumerable`1 queryParameters, Object userState, CancellationToken cancellationToken)
   at GitHub.Runner.Worker.ActionManager.GetDownloadInfoAsync(IExecutionContext executionContext, List`1 actions)
   at GitHub.Runner.Worker.ActionManager.GetDownloadInfoAsync(IExecutionContext executionContext, List`1 actions)
   at GitHub.Runner.Worker.ActionManager.PrepareActionsRecursiveAsync(IExecutionContext executionContext, PrepareActionsState state, IEnumerable`1 actions, Int32 depth, Guid parentStepId)
   at GitHub.Runner.Worker.ActionManager.PrepareActionsAsync(IExecutionContext executionContext, IEnumerable`1 steps, Guid rootStepId)
   at GitHub.Runner.Worker.JobExtension.InitializeJob(IExecutionContext jobContext, AgentJobRequestMessage message)
   at GitHub.Runner.Worker.JobRunner.RunAsync(AgentJobRequestMessage message, CancellationToken jobRequestCancellationToken)
[2024-05-23 14:26:55Z INFO JobRunner] Shutting down the job server queue.
[2024-05-23 14:26:55Z INFO JobServerQueue] Fire signal to shutdown all queues.
[2024-05-23 14:26:56Z INFO JobServerQueue] All queue process task stopped.
[2024-05-23 14:26:56Z INFO JobServerQueue] Try to append 1 batches web console lines for record 'cdcdbf0b-fe93-4b49-ac98-d00895695c01', success rate: 1/1.
[2024-05-23 14:26:56Z INFO JobServerQueue] Web console line queue drained.
[2024-05-23 14:26:56Z INFO JobServerQueue] Uploading 2 files in one shot.
[2024-05-23 14:26:56Z INFO JobServerQueue] Try to upload 2 log files or attachments, success rate: 2/2.
[2024-05-23 14:26:56Z INFO JobServerQueue] File upload queue drained.
[2024-05-23 14:26:56Z INFO JobServerQueue] Starting results-based upload queue...
[2024-05-23 14:26:56Z INFO JobServerQueue] Uploading 2 file(s) in one shot through results service.
[2024-05-23 14:26:56Z INFO JobServerQueue] Got a step log file to send to results service.
[2024-05-23 14:26:56Z INFO JobServerQueue] Starting upload of step log file to results service ResultsLog, D:\HorseMenu\actions-runner\_diag\blocks\5c410431-bc73-4ccf-949e-10e77a885a25_cdcdbf0b-fe93-4b49-ac98-d00895695c01.1
[2024-05-23 14:26:57Z INFO JobServerQueue] Got a job log file to send to results service.
[2024-05-23 14:26:57Z INFO JobServerQueue] Starting upload of job log file to results service ResultsLog, D:\HorseMenu\actions-runner\_diag\blocks\5c410431-bc73-4ccf-949e-10e77a885a25_6614165d-8168-5766-9db6-f35f537f8e36.1
[2024-05-23 14:26:57Z INFO JobServerQueue] Tried to upload 2 file(s) to results, success rate: 2/2.
[2024-05-23 14:26:57Z INFO JobServerQueue] Results upload queue drained.
[2024-05-23 14:26:57Z INFO JobServerQueue] Job timeline record has been updated for the first time.
[2024-05-23 14:26:57Z INFO JobServerQueue] Timeline update queue drained.
[2024-05-23 14:26:57Z INFO JobServerQueue] Disposing job server ...
[2024-05-23 14:26:57Z INFO JobServerQueue] Disposing results server ...
[2024-05-23 14:26:57Z INFO JobServerQueue] All queue process tasks have been stopped, and all queues are drained.
[2024-05-23 14:26:57Z INFO JobServerQueue] Actions upload time: 525 ms, Result upload time: 1030 ms
[2024-05-23 14:26:57Z INFO TempDirectoryManager] Cleaning runner temp folder: D:\HorseMenu\actions-runner\_work\_temp
[2024-05-23 14:26:57Z INFO HostContext] Well known directory 'Bin': 'D:\HorseMenu\actions-runner\bin'
[2024-05-23 14:26:57Z INFO HostContext] Well known directory 'Root': 'D:\HorseMenu\actions-runner'
[2024-05-23 14:26:57Z INFO HostContext] Well known directory 'Diag': 'D:\HorseMenu\actions-runner\_diag'
[2024-05-23 14:26:57Z INFO HostContext] Well known config file 'Telemetry': 'D:\HorseMenu\actions-runner\_diag\.telemetry'
[2024-05-23 14:26:57Z INFO JobRunner] Raising job completed event
[2024-05-23 14:26:58Z INFO Worker] Job completed.
